<?xml version="1.0" encoding="windows-1252" standalone="no"?>
<!DOCTYPE log SYSTEM "logger.dtd">
<log>
<record>
  <date>2021-10-25T11:44:52.819200900Z</date>
  <millis>1635162292819</millis>
  <nanos>200900</nanos>
  <sequence>0</sequence>
  <logger>be.kdg.bierproject.model.Bier</logger>
  <level>SEVERE</level>
  <class>be.kdg.bierproject.model.Bier</class>
  <method>setNaam</method>
  <thread>1</thread>
  <message>De naam mag niet  (leeg) zijn.</message>
</record>
<record>
  <date>2021-10-25T11:44:52.890262300Z</date>
  <millis>1635162292890</millis>
  <nanos>262300</nanos>
  <sequence>1</sequence>
  <logger>be.kdg.bierproject.model.Bier</logger>
  <level>SEVERE</level>
  <class>be.kdg.bierproject.model.Bier</class>
  <method>setGebrouwenSinds</method>
  <thread>1</thread>
  <message>De brouwdatum moet in het verleden liggen en mag niet; 2025-06-23 zijn.</message>
</record>
<record>
  <date>2021-10-25T11:44:52.891763300Z</date>
  <millis>1635162292891</millis>
  <nanos>763300</nanos>
  <sequence>2</sequence>
  <logger>be.kdg.bierproject.model.Bier</logger>
  <level>SEVERE</level>
  <class>be.kdg.bierproject.model.Bier</class>
  <method>setAlcoholPercentage</method>
  <thread>1</thread>
  <message>Alcoholpercentage kan niet lager zijn dan 0 en niet hoger dan 100. Mag niet: 102.5 zijn.</message>
</record>
<record>
  <date>2021-10-25T11:44:52.895266500Z</date>
  <millis>1635162292895</millis>
  <nanos>266500</nanos>
  <sequence>3</sequence>
  <logger>be.kdg.bierproject.model.Bier</logger>
  <level>SEVERE</level>
  <class>be.kdg.bierproject.model.Bier</class>
  <method>setBitterheidsgraad</method>
  <thread>1</thread>
  <message>De EBU waarde moet tenminste 0 zijn. Mag niet: -15 zijn.</message>
</record>
</log>
