/*C3*/SET SCHEMA PUBLIC
DROP TABLE bierendb IF EXISTS
CREATE TABLE bierendb (id INTEGER NOT NULL IDENTITY,naam VARCHAR(30) NOT NULL,gisting VARCHAR(30) NOT NULL,gebrouwenSinds DATE NOT NULL,alcoholpercentage DOUBLE NOT NULL,trappist BIT NOT NULL,bitterheidsgraad INT NOT NULL)
INSERT INTO BIERENDB VALUES(0,'Bolleke','1','1833-01-01',5.2E0,'0',23)
COMMIT
INSERT INTO BIERENDB VALUES(1,'Ciney','1','1978-06-23',7.0E0,'0',0)
COMMIT
INSERT INTO BIERENDB VALUES(2,'Duvel','1','1970-01-01',8.5E0,'0',32)
COMMIT
INSERT INTO BIERENDB VALUES(3,'Leffe Bruin','1','1952-01-01',6.5E0,'0',15)
COMMIT
INSERT INTO BIERENDB VALUES(4,'Palm','1','1929-01-01',5.2E0,'0',18)
COMMIT
INSERT INTO BIERENDB VALUES(5,'La Chouffe','1','1982-01-01',8.0E0,'0',0)
COMMIT
INSERT INTO BIERENDB VALUES(6,'Grimbergen Blond','1','1993-01-01',6.7E0,'0',22)
COMMIT
INSERT INTO BIERENDB VALUES(7,'Hommelbier','1','1981-01-01',7.5E0,'0',40)
COMMIT
INSERT INTO BIERENDB VALUES(8,'Westvleteren Blond','1','1838-01-01',5.8E0,'1',41)
COMMIT
INSERT INTO BIERENDB VALUES(9,'Cornet','1','2014-08-26',8.5E0,'0',25)
COMMIT
INSERT INTO BIERENDB VALUES(10,'Corona','0','1925-01-01',4.5E0,'0',0)
COMMIT
INSERT INTO BIERENDB VALUES(11,'Brugse Zot','1','2005-01-01',6.0E0,'0',23)
COMMIT
INSERT INTO BIERENDB VALUES(12,'Cristal Alken','0','1928-01-01',5.0E0,'0',20)
COMMIT
INSERT INTO BIERENDB VALUES(13,'Omer.','1','2008-01-01',8.0E0,'0',35)
COMMIT
INSERT INTO BIERENDB VALUES(14,'Jupiler','0','1966-01-01',5.2E0,'0',18)
COMMIT
